<?xml version="1.0" encoding="UTF-8"?>
<!-- Generated by org.testng.reporters.JUnitReportReporter -->
<testsuite hostname="DESKTOP-FNFV15V" failures="0" tests="1" name="com.Testngfeatures.TimeOutTest" time="0.028" errors="0" timestamp="2023-11-27T08:51:42 IST" skipped="0">
  <testcase classname="com.Testngfeatures.TimeOutTest" name="f" time="0.028"/>
</testsuite> <!-- com.Testngfeatures.TimeOutTest -->
