<?xml version="1.0" encoding="UTF-8"?>
<!-- Generated by org.testng.reporters.JUnitReportReporter -->
<testsuite hostname="DESKTOP-FNFV15V" failures="0" tests="6" name="com.Testngfeatures.SimpleAnnotationTest" time="0.073" errors="0" timestamp="2023-11-29T08:30:52 IST" skipped="0">
  <testcase classname="com.Testngfeatures.SimpleAnnotationTest" name="afterSuite" time="0.010"/>
  <testcase classname="com.Testngfeatures.SimpleAnnotationTest" name="f" time="0.008"/>
  <testcase classname="com.Testngfeatures.SimpleAnnotationTest" name="afterTest" time="0.007"/>
  <testcase classname="com.Testngfeatures.SimpleAnnotationTest" name="afterMethod" time="0.006"/>
  <testcase classname="com.Testngfeatures.SimpleAnnotationTest" name="f1" time="0.009"/>
  <testcase classname="com.Testngfeatures.SimpleAnnotationTest" name="afterClass" time="0.033"/>
</testsuite> <!-- com.Testngfeatures.SimpleAnnotationTest -->
