<?xml version="1.0" encoding="UTF-8"?>
<!-- Generated by org.testng.reporters.JUnitReportReporter -->
<testsuite hostname="DESKTOP-FNFV15V" failures="0" tests="2" name="com.Testngfeatures.AssertTest" time="0.178" errors="0" timestamp="2023-11-29T08:19:44 IST" skipped="0">
  <testcase classname="com.Testngfeatures.AssertTest" name="f1" time="0.174"/>
  <testcase classname="com.Testngfeatures.AssertTest" name="f2" time="0.004"/>
</testsuite> <!-- com.Testngfeatures.AssertTest -->
