<?xml version="1.0" encoding="UTF-8"?>
<!-- Generated by org.testng.reporters.JUnitReportReporter -->
<testsuite hostname="DESKTOP-FNFV15V" failures="0" tests="4" name="com.Testngfeatures.IgnoreTest" time="0.057" errors="0" timestamp="2023-11-27T08:36:43 IST" skipped="1">
  <testcase classname="com.Testngfeatures.IgnoreTest" name="f2" time="0.034"/>
  <testcase classname="com.Testngfeatures.IgnoreTest" name="f1" time="0.017"/>
  <testcase classname="com.Testngfeatures.IgnoreTest" name="f3" time="0.006"/>
  <testcase classname="com.Testngfeatures.IgnoreTest" name="f">
    <skipped/>
  </testcase> <!-- f -->
</testsuite> <!-- com.Testngfeatures.IgnoreTest -->
