<?xml version="1.0" encoding="UTF-8"?>
<!-- Generated by org.testng.reporters.JUnitReportReporter -->
<testsuite hostname="DESKTOP-FNFV15V" failures="0" tests="1" name="com.Testngfeatures.ParameterizedTest" time="0.071" errors="0" timestamp="2023-11-28T08:43:09 IST" skipped="0">
  <testcase classname="com.Testngfeatures.ParameterizedTest" name="login" time="0.071"/>
</testsuite> <!-- com.Testngfeatures.ParameterizedTest -->
