<?xml version="1.0" encoding="UTF-8"?>
<!-- Generated by org.testng.reporters.JUnitReportReporter -->
<testsuite hostname="DESKTOP-FNFV15V" failures="0" tests="2" name="com.Testngfeatures.DataproviderTest" time="0.020" errors="0" timestamp="2023-11-28T08:51:06 IST" skipped="0">
  <testcase classname="com.Testngfeatures.DataproviderTest" name="loginParameter" time="0.015"/>
  <testcase classname="com.Testngfeatures.DataproviderTest" name="loginParameter" time="0.005"/>
</testsuite> <!-- com.Testngfeatures.DataproviderTest -->
