<?xml version="1.0" encoding="UTF-8"?>
<!-- Generated by org.testng.reporters.JUnitReportReporter -->
<testsuite hostname="DESKTOP-FNFV15V" failures="0" tests="6" name="com.Testngfeatures.PriorityTest" time="0.099" errors="0" timestamp="2023-11-27T08:22:27 IST" skipped="0">
  <testcase classname="com.Testngfeatures.PriorityTest" name="f" time="0.041"/>
  <testcase classname="com.Testngfeatures.PriorityTest" name="f2" time="0.005"/>
  <testcase classname="com.Testngfeatures.PriorityTest" name="f3" time="0.011"/>
  <testcase classname="com.Testngfeatures.PriorityTest" name="f3" time="0.024"/>
  <testcase classname="com.Testngfeatures.PriorityTest" name="f3" time="0.012"/>
  <testcase classname="com.Testngfeatures.PriorityTest" name="f1" time="0.006"/>
</testsuite> <!-- com.Testngfeatures.PriorityTest -->
